<?xml version="1.0" encoding="UTF-8"?>
<!-- Generated by org.testng.reporters.JUnitReportReporter -->
<testsuite hostname="LTIN242631" failures="0" tests="2" name="testCase.TestCase03" time="31.572" errors="0" timestamp="2024-02-20T21:53:05 IST" skipped="0">
  <testcase classname="testCase.TestCase03" name="Chennai" time="16.122"/>
  <testcase classname="testCase.TestCase03" name="Chennai" time="15.450"/>
</testsuite> <!-- testCase.TestCase03 -->
