<?xml version="1.0" encoding="UTF-8"?>
<!-- Generated by org.testng.reporters.JUnitReportReporter -->
<testsuite hostname="LTIN242631" failures="0" tests="2" name="testCase.TestCase04" time="10.734" errors="0" timestamp="2024-02-20T21:53:05 IST" skipped="0">
  <testcase classname="testCase.TestCase04" name="loginsignup" time="6.537"/>
  <testcase classname="testCase.TestCase04" name="loginsignup" time="4.197"/>
</testsuite> <!-- testCase.TestCase04 -->
