<?xml version="1.0" encoding="UTF-8"?>
<!-- Generated by org.testng.reporters.JUnitReportReporter -->
<testsuite hostname="LTIN242631" failures="0" tests="2" name="testCase.TestCase01" time="16.633" errors="0" timestamp="2024-02-20T21:53:05 IST" skipped="0">
  <testcase classname="testCase.TestCase01" name="Hover" time="9.083"/>
  <testcase classname="testCase.TestCase01" name="Hover" time="7.550"/>
</testsuite> <!-- testCase.TestCase01 -->
