<?xml version="1.0" encoding="UTF-8"?>
<!-- Generated by org.testng.reporters.JUnitReportReporter -->
<testsuite hostname="LTIN242631" failures="0" tests="2" name="testCase.TestCase02" time="27.225" errors="0" timestamp="2024-02-20T21:53:05 IST" skipped="0">
  <testcase classname="testCase.TestCase02" name="Run" time="13.773"/>
  <testcase classname="testCase.TestCase02" name="Run" time="13.452"/>
</testsuite> <!-- testCase.TestCase02 -->
